This is pdfTeX, Version 3.14159265-2.6-1.40.21 (MiKTeX 2.9.7350 64-bit) (preloaded format=pdflatex 2020.3.24)  24 MAR 2020 20:03
entering extended mode
**"c:/Users/Harnoor/Desktop/UoA/2019/S2/COMPSCI 220/220 exam prep.tex"
("c:/Users/Harnoor/Desktop/UoA/2019/S2/COMPSCI 220/220 exam prep.tex"
LaTeX2e <2020-02-02> patch level 5
L3 programming layer <2020-03-06> ("C:\Users\Harnoor\AppData\Local\Programs\MiKTeX 2.9\tex/latex/base\article.cls"
Document Class: article 2019/12/20 v1.4l Standard LaTeX document class
("C:\Users\Harnoor\AppData\Local\Programs\MiKTeX 2.9\tex/latex/base\size10.clo"
File: size10.clo 2019/12/20 v1.4l Standard LaTeX file (size option)
)
\c@part=\count167
\c@section=\count168
\c@subsection=\count169
\c@subsubsection=\count170
\c@paragraph=\count171
\c@subparagraph=\count172
\c@figure=\count173
\c@table=\count174
\abovecaptionskip=\skip47
\belowcaptionskip=\skip48
\bibindent=\dimen134
) ("C:\Users\Harnoor\AppData\Local\Programs\MiKTeX 2.9\tex/latex/amsmath\amsmath.sty"
Package: amsmath 2020/01/20 v2.17e AMS math features
\@mathmargin=\skip49

For additional information on amsmath, use the `?' option.
("C:\Users\Harnoor\AppData\Local\Programs\MiKTeX 2.9\tex/latex/amsmath\amstext.sty"
Package: amstext 2000/06/29 v2.01 AMS text
 ("C:\Users\Harnoor\AppData\Local\Programs\MiKTeX 2.9\tex/latex/amsmath\amsgen.sty"
File: amsgen.sty 1999/11/30 v2.0 generic functions
\@emptytoks=\toks15
\ex@=\dimen135
)) ("C:\Users\Harnoor\AppData\Local\Programs\MiKTeX 2.9\tex/latex/amsmath\amsbsy.sty"
Package: amsbsy 1999/11/29 v1.2d Bold Symbols
\pmbraise@=\dimen136
) ("C:\Users\Harnoor\AppData\Local\Programs\MiKTeX 2.9\tex/latex/amsmath\amsopn.sty"
Package: amsopn 2016/03/08 v2.02 operator names
)
\inf@bad=\count175
LaTeX Info: Redefining \frac on input line 227.
\uproot@=\count176
\leftroot@=\count177
LaTeX Info: Redefining \overline on input line 389.
\classnum@=\count178
\DOTSCASE@=\count179
LaTeX Info: Redefining \ldots on input line 486.
LaTeX Info: Redefining \dots on input line 489.
LaTeX Info: Redefining \cdots on input line 610.
\Mathstrutbox@=\box45
\strutbox@=\box46
\big@size=\dimen137
LaTeX Font Info:    Redeclaring font encoding OML on input line 733.
LaTeX Font Info:    Redeclaring font encoding OMS on input line 734.
\macc@depth=\count180
\c@MaxMatrixCols=\count181
\dotsspace@=\muskip16
\c@parentequation=\count182
\dspbrk@lvl=\count183
\tag@help=\toks16
\row@=\count184
\column@=\count185
\maxfields@=\count186
\andhelp@=\toks17
\eqnshift@=\dimen138
\alignsep@=\dimen139
\tagshift@=\dimen140
\tagwidth@=\dimen141
\totwidth@=\dimen142
\lineht@=\dimen143
\@envbody=\toks18
\multlinegap=\skip50
\multlinetaggap=\skip51
\mathdisplay@stack=\toks19
LaTeX Info: Redefining \[ on input line 2859.
LaTeX Info: Redefining \] on input line 2860.
) ("C:\Users\Harnoor\AppData\Local\Programs\MiKTeX 2.9\tex/latex/amsfonts\amsfonts.sty"
Package: amsfonts 2013/01/14 v3.01 Basic AMSFonts support
\symAMSa=\mathgroup4
\symAMSb=\mathgroup5
LaTeX Font Info:    Redeclaring math symbol \hbar on input line 98.
LaTeX Font Info:    Overwriting math alphabet `\mathfrak' in version `bold'
(Font)                  U/euf/m/n --> U/euf/b/n on input line 106.
) ("C:\Users\Harnoor\AppData\Local\Programs\MiKTeX 2.9\tex/latex/amsfonts\amssymb.sty"
Package: amssymb 2013/01/14 v3.01 AMS font symbols
) ("C:\Users\Harnoor\AppData\Local\Programs\MiKTeX 2.9\tex/latex/l3backend\l3backend-pdfmode.def"
File: l3backend-pdfmode.def 2020-03-12 L3 backend support: PDF mode
\l__kernel_color_stack_int=\count187
\l__pdf_internal_box=\box47
) ("c:\Users\Harnoor\Desktop\UoA\2019\S2\COMPSCI 220\220 exam prep.aux")
\openout1 = `"220 exam prep.aux"'.

LaTeX Font Info:    Checking defaults for OML/cmm/m/it on input line 19.
LaTeX Font Info:    ... okay on input line 19.
LaTeX Font Info:    Checking defaults for OMS/cmsy/m/n on input line 19.
LaTeX Font Info:    ... okay on input line 19.
LaTeX Font Info:    Checking defaults for OT1/cmr/m/n on input line 19.
LaTeX Font Info:    ... okay on input line 19.
LaTeX Font Info:    Checking defaults for T1/cmr/m/n on input line 19.
LaTeX Font Info:    ... okay on input line 19.
LaTeX Font Info:    Checking defaults for TS1/cmr/m/n on input line 19.
LaTeX Font Info:    ... okay on input line 19.
LaTeX Font Info:    Checking defaults for OMX/cmex/m/n on input line 19.
LaTeX Font Info:    ... okay on input line 19.
LaTeX Font Info:    Checking defaults for U/cmr/m/n on input line 19.
LaTeX Font Info:    ... okay on input line 19.
LaTeX Font Info:    Trying to load font information for U+msa on input line 22.
 ("C:\Users\Harnoor\AppData\Local\Programs\MiKTeX 2.9\tex/latex/amsfonts\umsa.fd"
File: umsa.fd 2013/01/14 v3.01 AMS symbols A
)
LaTeX Font Info:    Trying to load font information for U+msb on input line 22.
 ("C:\Users\Harnoor\AppData\Local\Programs\MiKTeX 2.9\tex/latex/amsfonts\umsb.fd"
File: umsb.fd 2013/01/14 v3.01 AMS symbols B
)

LaTeX Warning: No \author given.


Underfull \hbox (badness 10000) in paragraph at lines 74--81

 []


Underfull \hbox (badness 10000) in paragraph at lines 74--81

 []

[1

{C:/Users/Harnoor/AppData/Local/MiKTeX/2.9/pdftex/config/pdftex.map}]
Underfull \hbox (badness 10000) in paragraph at lines 96--102

 []


Underfull \hbox (badness 10000) in paragraph at lines 132--139

 []

[2]
Underfull \hbox (badness 10000) in paragraph at lines 151--155

 []


Underfull \hbox (badness 10000) in paragraph at lines 211--254

 []


Underfull \hbox (badness 10000) in paragraph at lines 211--254

 []


Underfull \hbox (badness 10000) in paragraph at lines 211--254

 []


Underfull \hbox (badness 10000) in paragraph at lines 211--254

 []


Underfull \hbox (badness 10000) in paragraph at lines 211--254

 []


Underfull \hbox (badness 10000) in paragraph at lines 211--254

 []


Underfull \hbox (badness 10000) in paragraph at lines 211--254

 []


Underfull \hbox (badness 10000) in paragraph at lines 211--254

 []


Underfull \hbox (badness 10000) in paragraph at lines 211--254

 []


Underfull \hbox (badness 10000) in paragraph at lines 211--254

 []


Underfull \hbox (badness 10000) in paragraph at lines 211--254

 []


Underfull \hbox (badness 10000) in paragraph at lines 211--254

 []

[3]
Underfull \hbox (badness 10000) in paragraph at lines 256--262

 []

[4]
Underfull \hbox (badness 10000) in paragraph at lines 311--321

 []


Underfull \hbox (badness 10000) in paragraph at lines 333--342

 []


Underfull \hbox (badness 10000) in paragraph at lines 333--342

 []

[5]
Underfull \hbox (badness 10000) in paragraph at lines 364--378

 []


Underfull \hbox (badness 10000) in paragraph at lines 364--378

 []


Underfull \hbox (badness 10000) in paragraph at lines 364--378

 []


Underfull \hbox (badness 10000) in paragraph at lines 364--378

 []


Underfull \hbox (badness 10000) in paragraph at lines 364--378

 []


Underfull \hbox (badness 10000) in paragraph at lines 380--384

 []


Underfull \hbox (badness 10000) in paragraph at lines 388--399

 []


Underfull \hbox (badness 10000) in paragraph at lines 388--399

 []


Underfull \hbox (badness 10000) in paragraph at lines 388--399

 []

[6]
Underfull \hbox (badness 10000) in paragraph at lines 401--408

 []


Underfull \hbox (badness 10000) in paragraph at lines 401--408

 []


Underfull \hbox (badness 10000) in paragraph at lines 417--441

 []


Underfull \hbox (badness 10000) in paragraph at lines 417--441

 []


Underfull \hbox (badness 10000) in paragraph at lines 417--441

 []

[7]
Underfull \hbox (badness 10000) in paragraph at lines 464--471

 []

[8] ("c:\Users\Harnoor\Desktop\UoA\2019\S2\COMPSCI 220\220 exam prep.aux") ) 
Here is how much of TeX's memory you used:
 1531 strings out of 480898
 20168 string characters out of 2897345
 265246 words of memory out of 3000000
 17448 multiletter control sequences out of 15000+200000
 540536 words of font info for 56 fonts, out of 3000000 for 9000
 1141 hyphenation exceptions out of 8191
 30i,8n,27p,281b,197s stack positions out of 5000i,500n,10000p,200000b,50000s
 <C:\Users\Harnoor\AppData\Local\MiKTeX\2.9\fonts/pk/ljfour/jknappen/ec/dpi600\tcrm1000.pk><C:/Users/Harnoor/AppData/Local/Programs/MiKTeX 2.9/fonts/type1/public/amsfonts/cm/cmbx10.pfb><C:/Users/Harnoor/AppData/Local/Programs/MiKTeX 2.9/fonts/type1/public/amsfonts/cm/cmbx12.pfb><C:/Users/Harnoor/AppData/Local/Programs/MiKTeX 2.9/fonts/type1/public/amsfonts/cm/cmex10.pfb><C:/Users/Harnoor/AppData/Local/Programs/MiKTeX 2.9/fonts/type1/public/amsfonts/cm/cmmi10.pfb><C:/Users/Harnoor/AppData/Local/Programs/MiKTeX 2.9/fonts/type1/public/amsfonts/cm/cmmi7.pfb><C:/Users/Harnoor/AppData/Local/Programs/MiKTeX 2.9/fonts/type1/public/amsfonts/cm/cmr10.pfb><C:/Users/Harnoor/AppData/Local/Programs/MiKTeX 2.9/fonts/type1/public/amsfonts/cm/cmr17.pfb><C:/Users/Harnoor/AppData/Local/Programs/MiKTeX 2.9/fonts/type1/public/amsfonts/cm/cmr7.pfb><C:/Users/Harnoor/AppData/Local/Programs/MiKTeX 2.9/fonts/type1/public/amsfonts/cm/cmsy10.pfb><C:/Users/Harnoor/AppData/Local/Programs/MiKTeX 2.9/fonts/type1/public/amsfonts/cm/cmsy7.pfb><C:/Users/Harnoor/AppData/Local/Programs/MiKTeX 2.9/fonts/type1/public/amsfonts/symbols/msbm10.pfb>
Output written on "c:\Users\Harnoor\Desktop\UoA\2019\S2\COMPSCI 220\220 exam prep.pdf" (8 pages, 166879 bytes).
PDF statistics:
 78 PDF objects out of 1000 (max. 8388607)
 0 named destinations out of 1000 (max. 500000)
 1 words of extra memory for PDF output out of 10000 (max. 10000000)

